[debug] [2024-11-27T04:23:55.794Z] ----------------------------------------------------------------------
[debug] [2024-11-27T04:23:55.796Z] Command:       C:\Program Files\nodejs\node.exe C:\Users\reube\AppData\Roaming\npm\node_modules\firebase-tools\lib\bin\firebase.js functions:shell
[debug] [2024-11-27T04:23:55.796Z] CLI Version:   13.27.0
[debug] [2024-11-27T04:23:55.796Z] Platform:      win32
[debug] [2024-11-27T04:23:55.797Z] Node Version:  v22.11.0
[debug] [2024-11-27T04:23:55.797Z] Time:          Tue Nov 26 2024 23:23:55 GMT-0500 (Eastern Standard Time)
[debug] [2024-11-27T04:23:55.797Z] ----------------------------------------------------------------------
[debug] 
[debug] [2024-11-27T04:23:55.850Z] > command requires scopes: ["email","openid","https://www.googleapis.com/auth/cloudplatformprojects.readonly","https://www.googleapis.com/auth/firebase","https://www.googleapis.com/auth/cloud-platform"]
[debug] [2024-11-27T04:23:55.850Z] > authorizing via signed-in user (tudballreuben@gmail.com)
[debug] [2024-11-27T04:23:55.850Z] [iam] checking project flush-d0dc1 for permissions ["firebase.projects.get"]
[debug] [2024-11-27T04:23:55.851Z] Checked if tokens are valid: true, expires at: 1732684703681
[debug] [2024-11-27T04:23:55.851Z] Checked if tokens are valid: true, expires at: 1732684703681
[debug] [2024-11-27T04:23:55.852Z] >>> [apiv2][query] POST https://cloudresourcemanager.googleapis.com/v1/projects/flush-d0dc1:testIamPermissions [none]
[debug] [2024-11-27T04:23:55.852Z] >>> [apiv2][(partial)header] POST https://cloudresourcemanager.googleapis.com/v1/projects/flush-d0dc1:testIamPermissions x-goog-quota-user=projects/flush-d0dc1
[debug] [2024-11-27T04:23:55.852Z] >>> [apiv2][body] POST https://cloudresourcemanager.googleapis.com/v1/projects/flush-d0dc1:testIamPermissions {"permissions":["firebase.projects.get"]}
[debug] [2024-11-27T04:23:56.183Z] <<< [apiv2][status] POST https://cloudresourcemanager.googleapis.com/v1/projects/flush-d0dc1:testIamPermissions 200
[debug] [2024-11-27T04:23:56.183Z] <<< [apiv2][body] POST https://cloudresourcemanager.googleapis.com/v1/projects/flush-d0dc1:testIamPermissions {"permissions":["firebase.projects.get"]}
[debug] [2024-11-27T04:23:56.186Z] [functions] Functions Emulator only supports listening on one address (127.0.0.1). Not listening on ::1
[debug] [2024-11-27T04:23:56.188Z] defaultcredentials: writing to file C:\Users\reube\AppData\Roaming\firebase\tudballreuben_gmail_com_application_default_credentials.json
[debug] [2024-11-27T04:23:56.188Z] DEBUG: Setting GAC to C:\Users\reube\AppData\Roaming\firebase\tudballreuben_gmail_com_application_default_credentials.json
[debug] [2024-11-27T04:23:56.189Z] Checked if tokens are valid: true, expires at: 1732684703681
[debug] [2024-11-27T04:23:56.189Z] Checked if tokens are valid: true, expires at: 1732684703681
[debug] [2024-11-27T04:23:56.189Z] >>> [apiv2][query] GET https://firebase.googleapis.com/v1beta1/projects/flush-d0dc1/adminSdkConfig [none]
[debug] [2024-11-27T04:23:56.522Z] <<< [apiv2][status] GET https://firebase.googleapis.com/v1beta1/projects/flush-d0dc1/adminSdkConfig 200
[debug] [2024-11-27T04:23:56.522Z] <<< [apiv2][body] GET https://firebase.googleapis.com/v1beta1/projects/flush-d0dc1/adminSdkConfig {"projectId":"flush-d0dc1","databaseURL":"https://flush-d0dc1-default-rtdb.firebaseio.com","storageBucket":"flush-d0dc1.firebasestorage.app"}
[debug] [2024-11-27T04:23:56.530Z] [functions] Watching "C:\Users\reube\Documents\Sheridan Stuff\FlushFMP\flushfmp\functions" for Cloud Functions...
[debug] [2024-11-27T04:23:56.533Z] Validating nodejs source
[debug] [2024-11-27T04:23:57.257Z] > [functions] package.json contents: {
  "name": "functions",
  "description": "Cloud Functions for Firebase",
  "scripts": {
    "lint": "eslint .",
    "serve": "firebase emulators:start --only functions",
    "shell": "firebase functions:shell",
    "start": "npm run shell",
    "deploy": "firebase deploy --only functions",
    "logs": "firebase functions:log"
  },
  "engines": {
    "node": "18"
  },
  "main": "index.js",
  "dependencies": {
    "firebase-admin": "^12.6.0",
    "firebase-functions": "^6.1.1",
    "axios": "^1.4.0"
  },
  "devDependencies": {
    "eslint": "^8.15.0",
    "eslint-config-google": "^0.14.0",
    "firebase-functions-test": "^3.1.0"
  },
  "private": true
}
[debug] [2024-11-27T04:23:57.257Z] Building nodejs source
[debug] [2024-11-27T04:23:57.257Z] Failed to find version of module node: reached end of search path C:\Users\reube\Documents\Sheridan Stuff\FlushFMP\flushfmp\functions\node_modules
[warn] !  functions: Your requested "node" version "18" doesn't match your global version "22". Using node@22 from host. 
[debug] [2024-11-27T04:23:57.259Z] Could not find functions.yaml. Must use http discovery
[debug] [2024-11-27T04:23:57.271Z] Found firebase-functions binary at 'C:\Users\reube\Documents\Sheridan Stuff\FlushFMP\flushfmp\functions\node_modules\.bin\firebase-functions'
[info] Serving at port 8275

