[debug] [2024-11-27T04:23:47.563Z] ----------------------------------------------------------------------
[debug] [2024-11-27T04:23:47.566Z] Command:       C:\Program Files\nodejs\node.exe C:\Users\reube\AppData\Roaming\npm\node_modules\firebase-tools\lib\bin\firebase.js functions:shell
[debug] [2024-11-27T04:23:47.566Z] CLI Version:   13.27.0
[debug] [2024-11-27T04:23:47.566Z] Platform:      win32
[debug] [2024-11-27T04:23:47.566Z] Node Version:  v22.11.0
[debug] [2024-11-27T04:23:47.566Z] Time:          Tue Nov 26 2024 23:23:47 GMT-0500 (Eastern Standard Time)
[debug] [2024-11-27T04:23:47.567Z] ----------------------------------------------------------------------
[debug] 
[debug] [2024-11-27T04:23:47.620Z] > command requires scopes: ["email","openid","https://www.googleapis.com/auth/cloudplatformprojects.readonly","https://www.googleapis.com/auth/firebase","https://www.googleapis.com/auth/cloud-platform"]
[debug] [2024-11-27T04:23:47.620Z] > authorizing via signed-in user (tudballreuben@gmail.com)
[debug] [2024-11-27T04:23:47.620Z] [iam] checking project flush-d0dc1 for permissions ["firebase.projects.get"]
[debug] [2024-11-27T04:23:47.621Z] Checked if tokens are valid: true, expires at: 1732684703681
[debug] [2024-11-27T04:23:47.621Z] Checked if tokens are valid: true, expires at: 1732684703681
[debug] [2024-11-27T04:23:47.622Z] >>> [apiv2][query] POST https://cloudresourcemanager.googleapis.com/v1/projects/flush-d0dc1:testIamPermissions [none]
[debug] [2024-11-27T04:23:47.622Z] >>> [apiv2][(partial)header] POST https://cloudresourcemanager.googleapis.com/v1/projects/flush-d0dc1:testIamPermissions x-goog-quota-user=projects/flush-d0dc1
[debug] [2024-11-27T04:23:47.622Z] >>> [apiv2][body] POST https://cloudresourcemanager.googleapis.com/v1/projects/flush-d0dc1:testIamPermissions {"permissions":["firebase.projects.get"]}
[debug] [2024-11-27T04:23:47.962Z] <<< [apiv2][status] POST https://cloudresourcemanager.googleapis.com/v1/projects/flush-d0dc1:testIamPermissions 200
[debug] [2024-11-27T04:23:47.962Z] <<< [apiv2][body] POST https://cloudresourcemanager.googleapis.com/v1/projects/flush-d0dc1:testIamPermissions {"permissions":["firebase.projects.get"]}
[debug] [2024-11-27T04:23:47.966Z] [functions] Functions Emulator only supports listening on one address (127.0.0.1). Not listening on ::1
[debug] [2024-11-27T04:23:47.967Z] defaultcredentials: writing to file C:\Users\reube\AppData\Roaming\firebase\tudballreuben_gmail_com_application_default_credentials.json
[debug] [2024-11-27T04:23:47.968Z] DEBUG: Setting GAC to C:\Users\reube\AppData\Roaming\firebase\tudballreuben_gmail_com_application_default_credentials.json
[debug] [2024-11-27T04:23:47.968Z] Checked if tokens are valid: true, expires at: 1732684703681
[debug] [2024-11-27T04:23:47.968Z] Checked if tokens are valid: true, expires at: 1732684703681
[debug] [2024-11-27T04:23:47.968Z] >>> [apiv2][query] GET https://firebase.googleapis.com/v1beta1/projects/flush-d0dc1/adminSdkConfig [none]
[debug] [2024-11-27T04:23:48.366Z] <<< [apiv2][status] GET https://firebase.googleapis.com/v1beta1/projects/flush-d0dc1/adminSdkConfig 200
[debug] [2024-11-27T04:23:48.366Z] <<< [apiv2][body] GET https://firebase.googleapis.com/v1beta1/projects/flush-d0dc1/adminSdkConfig {"projectId":"flush-d0dc1","databaseURL":"https://flush-d0dc1-default-rtdb.firebaseio.com","storageBucket":"flush-d0dc1.firebasestorage.app"}
[debug] [2024-11-27T04:23:48.374Z] [functions] Watching "C:\Users\reube\Documents\Sheridan Stuff\FlushFMP\flushfmp\functions" for Cloud Functions...
